# JRE version: Java(TM) SE Runtime Environment (8.0_11-b12) (build 1.8.0_11-b12)
# Java VM: Java HotSpot(TM) 64-Bit Server VM (25.11-b03 mixed mode windows-amd64 compressed oops)
Heap:
 PSYoungGen      total 15872K, used 9700K [0x00000000ebb80000, 0x00000000ece80000, 0x0000000100000000)
  eden space 12288K, 61% used [0x00000000ebb80000,0x00000000ec2f03a8,0x00000000ec780000)
  from space 3584K, 58% used [0x00000000ecb00000,0x00000000ecd08e10,0x00000000ece80000)
  to   space 3584K, 0% used [0x00000000ec780000,0x00000000ec780000,0x00000000ecb00000)
 ParOldGen       total 61952K, used 6768K [0x00000000c3200000, 0x00000000c6e80000, 0x00000000ebb80000)
  object space 61952K, 10% used [0x00000000c3200000,0x00000000c389c0f8,0x00000000c6e80000)
 Metaspace       used 10388K, capacity 10524K, committed 10624K, reserved 1058816K
  class space    used 1285K, capacity 1338K, committed 1408K, reserved 1048576K
GC Heap History (10 events):
Event: 1.311 GC heap before
{Heap before GC invocations=10 (full 0):
 PSYoungGen      total 4608K, used 4138K [0x00000000ebb80000, 0x00000000ec380000, 0x0000000100000000)
  eden space 3072K, 100% used [0x00000000ebb80000,0x00000000ebe80000,0x00000000ebe80000)
  from space 1536K, 69% used [0x00000000ebe80000,0x00000000ebf8a978,0x00000000ec000000)
  to   space 1536K, 0% used [0x00000000ec200000,0x00000000ec200000,0x00000000ec380000)
 ParOldGen       total 61952K, used 1434K [0x00000000c3200000, 0x00000000c6e80000, 0x00000000ebb80000)
  object space 61952K, 2% used [0x00000000c3200000,0x00000000c3366848,0x00000000c6e80000)
 Metaspace       used 5279K, capacity 5452K, committed 5504K, reserved 1056768K
  class space    used 587K, capacity 626K, committed 640K, reserved 1048576K
Event: 1.333 GC heap after
Heap after GC invocations=10 (full 0):
 PSYoungGen      total 6656K, used 910K [0x00000000ebb80000, 0x00000000ec380000, 0x0000000100000000)
  eden space 5120K, 0% used [0x00000000ebb80000,0x00000000ebb80000,0x00000000ec080000)
  from space 1536K, 59% used [0x00000000ec200000,0x00000000ec2e39b8,0x00000000ec380000)
  to   space 1536K, 0% used [0x00000000ec080000,0x00000000ec080000,0x00000000ec200000)
 ParOldGen       total 61952K, used 1834K [0x00000000c3200000, 0x00000000c6e80000, 0x00000000ebb80000)
  object space 61952K, 2% used [0x00000000c3200000,0x00000000c33ca848,0x00000000c6e80000)
 Metaspace       used 5279K, capacity 5452K, committed 5504K, reserved 1056768K
  class space    used 587K, capacity 626K, committed 640K, reserved 1048576K
}
Event: 1.487 GC heap before
{Heap before GC invocations=11 (full 0):
 PSYoungGen      total 6656K, used 6030K [0x00000000ebb80000, 0x00000000ec380000, 0x0000000100000000)
  eden space 5120K, 100% used [0x00000000ebb80000,0x00000000ec080000,0x00000000ec080000)
  from space 1536K, 59% used [0x00000000ec200000,0x00000000ec2e39b8,0x00000000ec380000)
  to   space 1536K, 0% used [0x00000000ec080000,0x00000000ec080000,0x00000000ec200000)
 ParOldGen       total 61952K, used 1834K [0x00000000c3200000, 0x00000000c6e80000, 0x00000000ebb80000)
  object space 61952K, 2% used [0x00000000c3200000,0x00000000c33ca848,0x00000000c6e80000)
 Metaspace       used 5414K, capacity 5484K, committed 5632K, reserved 1056768K
  class space    used 603K, capacity 658K, committed 768K, reserved 1048576K
Event: 1.499 GC heap after
Heap after GC invocations=11 (full 0):
 PSYoungGen      total 6656K, used 763K [0x00000000ebb80000, 0x00000000ec680000, 0x0000000100000000)
  eden space 5120K, 0% used [0x00000000ebb80000,0x00000000ebb80000,0x00000000ec080000)
  from space 1536K, 49% used [0x00000000ec080000,0x00000000ec13ed30,0x00000000ec200000)
  to   space 1536K, 0% used [0x00000000ec500000,0x00000000ec500000,0x00000000ec680000)
 ParOldGen       total 61952K, used 2396K [0x00000000c3200000, 0x00000000c6e80000, 0x00000000ebb80000)
  object space 61952K, 3% used [0x00000000c3200000,0x00000000c34572f0,0x00000000c6e80000)
 Metaspace       used 5414K, capacity 5484K, committed 5632K, reserved 1056768K
  class space    used 603K, capacity 658K, committed 768K, reserved 1048576K
}
Event: 1.802 GC heap before
{Heap before GC invocations=12 (full 0):
 PSYoungGen      total 6656K, used 5883K [0x00000000ebb80000, 0x00000000ec680000, 0x0000000100000000)
  eden space 5120K, 100% used [0x00000000ebb80000,0x00000000ec080000,0x00000000ec080000)
  from space 1536K, 49% used [0x00000000ec080000,0x00000000ec13ed30,0x00000000ec200000)
  to   space 1536K, 0% used [0x00000000ec500000,0x00000000ec500000,0x00000000ec680000)
 ParOldGen       total 61952K, used 2396K [0x00000000c3200000, 0x00000000c6e80000, 0x00000000ebb80000)
  object space 61952K, 3% used [0x00000000c3200000,0x00000000c34572f0,0x00000000c6e80000)
 Metaspace       used 6950K, capacity 7004K, committed 7040K, reserved 1056768K
  class space    used 849K, capacity 882K, committed 896K, reserved 1048576K
Event: 1.809 GC heap after
Heap after GC invocations=12 (full 0):
 PSYoungGen      total 9216K, used 1521K [0x00000000ebb80000, 0x00000000ec780000, 0x0000000100000000)
  eden space 7680K, 0% used [0x00000000ebb80000,0x00000000ebb80000,0x00000000ec300000)
  from space 1536K, 99% used [0x00000000ec500000,0x00000000ec67c638,0x00000000ec680000)
  to   space 2048K, 0% used [0x00000000ec300000,0x00000000ec300000,0x00000000ec500000)
 ParOldGen       total 61952K, used 3040K [0x00000000c3200000, 0x00000000c6e80000, 0x00000000ebb80000)
  object space 61952K, 4% used [0x00000000c3200000,0x00000000c34f8178,0x00000000c6e80000)
 Metaspace       used 6950K, capacity 7004K, committed 7040K, reserved 1056768K
  class space    used 849K, capacity 882K, committed 896K, reserved 1048576K
}
Event: 1.860 GC heap before
{Heap before GC invocations=13 (full 0):
 PSYoungGen      total 9216K, used 9201K [0x00000000ebb80000, 0x00000000ec780000, 0x0000000100000000)
  eden space 7680K, 100% used [0x00000000ebb80000,0x00000000ec300000,0x00000000ec300000)
  from space 1536K, 99% used [0x00000000ec500000,0x00000000ec67c638,0x00000000ec680000)
  to   space 2048K, 0% used [0x00000000ec300000,0x00000000ec300000,0x00000000ec500000)
 ParOldGen       total 61952K, used 3040K [0x00000000c3200000, 0x00000000c6e80000, 0x00000000ebb80000)
  object space 61952K, 4% used [0x00000000c3200000,0x00000000c34f8178,0x00000000c6e80000)
 Metaspace       used 6950K, capacity 7004K, committed 7040K, reserved 1056768K
  class space    used 849K, capacity 882K, committed 896K, reserved 1048576K
Event: 1.868 GC heap after
Heap after GC invocations=13 (full 0):
 PSYoungGen      total 9728K, used 2045K [0x00000000ebb80000, 0x00000000ece80000, 0x0000000100000000)
  eden space 7680K, 0% used [0x00000000ebb80000,0x00000000ebb80000,0x00000000ec300000)
  from space 2048K, 99% used [0x00000000ec300000,0x00000000ec4ff650,0x00000000ec500000)
  to   space 3584K, 0% used [0x00000000ecb00000,0x00000000ecb00000,0x00000000ece80000)
 ParOldGen       total 61952K, used 6120K [0x00000000c3200000, 0x00000000c6e80000, 0x00000000ebb80000)
  object space 61952K, 9% used [0x00000000c3200000,0x00000000c37fa0d8,0x00000000c6e80000)
 Metaspace       used 6950K, capacity 7004K, committed 7040K, reserved 1056768K
  class space    used 849K, capacity 882K, committed 896K, reserved 1048576K
}
Event: 2.449 GC heap before
{Heap before GC invocations=14 (full 0):
 PSYoungGen      total 9728K, used 9725K [0x00000000ebb80000, 0x00000000ece80000, 0x0000000100000000)
  eden space 7680K, 100% used [0x00000000ebb80000,0x00000000ec300000,0x00000000ec300000)
  from space 2048K, 99% used [0x00000000ec300000,0x00000000ec4ff650,0x00000000ec500000)
  to   space 3584K, 0% used [0x00000000ecb00000,0x00000000ecb00000,0x00000000ece80000)
 ParOldGen       total 61952K, used 6120K [0x00000000c3200000, 0x00000000c6e80000, 0x00000000ebb80000)
  object space 61952K, 9% used [0x00000000c3200000,0x00000000c37fa0d8,0x00000000c6e80000)
 Metaspace       used 9806K, capacity 9934K, committed 10240K, reserved 1058816K
  class space    used 1205K, capacity 1241K, committed 1280K, reserved 1048576K
Event: 2.454 GC heap after
Heap after GC invocations=14 (full 0):
 PSYoungGen      total 15872K, used 2083K [0x00000000ebb80000, 0x00000000ece80000, 0x0000000100000000)
  eden space 12288K, 0% used [0x00000000ebb80000,0x00000000ebb80000,0x00000000ec780000)
  from space 3584K, 58% used [0x00000000ecb00000,0x00000000ecd08e10,0x00000000ece80000)
  to   space 3584K, 0% used [0x00000000ec780000,0x00000000ec780000,0x00000000ecb00000)
 ParOldGen       total 61952K, used 6768K [0x00000000c3200000, 0x00000000c6e80000, 0x00000000ebb80000)
  object space 61952K, 10% used [0x00000000c3200000,0x00000000c389c0f8,0x00000000c6e80000)
 Metaspace       used 9806K, capacity 9934K, committed 10240K, reserved 1058816K
  class space    used 1205K, capacity 1241K, committed 1280K, reserved 1048576K
}

